<?xml version="1.0" encoding="UTF-8"?>
<!-- Generated by org.testng.reporters.JUnitReportReporter -->
<testsuite skipped="0" hostname="PRARTHAA" name="ngExtentReport.PrimusBank" tests="8" failures="0" timestamp="2021-10-19T16:28:37 IST" time="5.731" errors="0">
  <testcase name="Application" time="1.159" classname="ngExtentReport.PrimusBank"/>
  <system-out/>
  <testcase name="Login" time="1.037" classname="ngExtentReport.PrimusBank"/>
  <system-out/>
  <testcase name="bank" time="0.321" classname="ngExtentReport.PrimusBank"/>
  <system-out/>
  <testcase name="Country" time="0.234" classname="ngExtentReport.PrimusBank"/>
  <system-out/>
  <testcase name="State" time="0.256" classname="ngExtentReport.PrimusBank"/>
  <system-out/>
  <testcase name="City" time="0.811" classname="ngExtentReport.PrimusBank"/>
  <system-out/>
  <testcase name="AvailableBank" time="0.092" classname="ngExtentReport.PrimusBank"/>
  <system-out/>
  <testcase name="Logout" time="1.821" classname="ngExtentReport.PrimusBank"/>
  <system-out/>
</testsuite> <!-- ngExtentReport.PrimusBank -->
